2019-11-27 22:24:35 - ----------------------------------------------------------
2019-11-27 22:24:35 - paylineSDK::__construct(550146*******9, c****************76A, , , , , PROD)
2019-11-27 22:25:49 - ----------------------------------------------------------
2019-11-27 22:25:49 - paylineSDK::__construct(550146*******9, c****************76A, , , , , PROD)
2019-11-27 22:32:55 - ----------------------------------------------------------
2019-11-27 22:32:55 - paylineSDK::__construct(550146*******9, c****************76A, , , , , PROD)
2019-11-27 22:34:55 - ----------------------------------------------------------
2019-11-27 22:34:55 - paylineSDK::__construct(550146*******9, c****************76A, , , , , PROD)
2019-11-27 22:35:11 - ----------------------------------------------------------
2019-11-27 22:35:11 - paylineSDK::__construct(550146*******9, c****************76A, , , , , PROD)
2019-11-27 22:35:24 - ----------------------------------------------------------
2019-11-27 22:35:24 - paylineSDK::__construct(550146*******9, c****************76A, , , , , PROD)
2019-11-27 22:36:24 - ----------------------------------------------------------
2019-11-27 22:36:24 - paylineSDK::__construct(550146*******9, c****************76A, , , , , PROD)
2019-11-27 22:36:32 - ----------------------------------------------------------
2019-11-27 22:36:32 - paylineSDK::__construct(550146*******9, c****************76A, , , , , PROD)
2019-11-27 22:56:18 - ----------------------------------------------------------
2019-11-27 22:56:18 - paylineSDK::__construct(550146*******9, c****************76A, , , , , PROD)
2019-11-27 22:56:46 - ----------------------------------------------------------
2019-11-27 22:56:46 - paylineSDK::__construct(550146*******9, c****************76A, , , , , PROD)
2019-11-27 22:57:17 - ----------------------------------------------------------
2019-11-27 22:57:17 - paylineSDK::__construct(550146*******9, c****************76A, , , , , PROD)
2019-11-27 22:57:38 - ----------------------------------------------------------
2019-11-27 22:57:38 - paylineSDK::__construct(550146*******9, c****************76A, , , , , PROD)
2019-11-27 22:57:39 - Request : WebPaymentAPI.doWebPayment(order.ref = 5DDEF15292)
2019-11-27 22:57:39 - Response : code = 02305
2019-11-27 22:59:17 - ----------------------------------------------------------
2019-11-27 22:59:17 - paylineSDK::__construct(550146*******9, c****************76A, , , , , PROD)
2019-11-27 22:59:18 - Request : WebPaymentAPI.doWebPayment(order.ref = 5DDEF1B5ED)
2019-11-27 22:59:18 - Response : code = 00000 - token = 11kF8TqpZrLz2w4695001574891958243
